<?xml version="1.0" encoding="UTF-8"?>
<!-- Generated by org.testng.reporters.JUnitReportReporter -->
<testsuite skipped="0" hostname="MeghShiv" name="com.bank.testsuite.BankTest" tests="1" failures="0" timestamp="2022-12-13T21:33:14 GMT" time="10.609" errors="0">
  <testcase name="bankManagerShouldOpenAccountSuccessfully" time="10.609" classname="com.bank.testsuite.BankTest"/>
  <system-out>
    <![CDATA[Click on add customer tab[[ChromeDriver: chrome on WINDOWS (c9281597c9eab8dd9a217160dbd2fe69)] -> xpath: //button[@ng-class ='btnClass1']]
Enter First Name[[ChromeDriver: chrome on WINDOWS (c9281597c9eab8dd9a217160dbd2fe69)] -> xpath: //input [@placeholder="First Name"]]
Enter Last Name[[ChromeDriver: chrome on WINDOWS (c9281597c9eab8dd9a217160dbd2fe69)] -> xpath: //input [@placeholder="Last Name"]]
Enter Postcode[[ChromeDriver: chrome on WINDOWS (c9281597c9eab8dd9a217160dbd2fe69)] -> xpath: //input [@placeholder="Post Code"]]
Click on add customer button[[ChromeDriver: chrome on WINDOWS (c9281597c9eab8dd9a217160dbd2fe69)] -> xpath: //button[@type='submit']]]]>
  </system-out>
</testsuite> <!-- com.bank.testsuite.BankTest -->
